[INFO] Scanning for projects...
[INFO]                                                                         
[INFO] ------------------------------------------------------------------------
[INFO] Building Tests for fastutil using guava-testlib 1.0-SNAPSHOT
[INFO] ------------------------------------------------------------------------
[INFO] 
[INFO] --- maven-clean-plugin:2.5:clean (default-clean) @ fastutil-guava-tests ---
[INFO] Deleting /home/balazsa/greypanther/fastutil-guava-tests/target
[INFO] 
[INFO] --- maven-resources-plugin:2.6:resources (default-resources) @ fastutil-guava-tests ---
[INFO] Using 'UTF-8' encoding to copy filtered resources.
[INFO] skip non existing resourceDirectory /home/balazsa/greypanther/fastutil-guava-tests/src/main/resources
[INFO] 
[INFO] --- maven-compiler-plugin:3.5:compile (default-compile) @ fastutil-guava-tests ---
[INFO] Nothing to compile - all classes are up to date
[INFO] 
[INFO] --- maven-resources-plugin:2.6:testResources (default-testResources) @ fastutil-guava-tests ---
[INFO] Using 'UTF-8' encoding to copy filtered resources.
[INFO] skip non existing resourceDirectory /home/balazsa/greypanther/fastutil-guava-tests/src/test/resources
[INFO] 
[INFO] --- maven-compiler-plugin:3.5:testCompile (default-testCompile) @ fastutil-guava-tests ---
[INFO] Changes detected - recompiling the module!
[INFO] 
[INFO] --- maven-surefire-plugin:2.12.4:test (default-test) @ fastutil-guava-tests ---
[INFO] Surefire report directory: /home/balazsa/greypanther/fastutil-guava-tests/target/surefire-reports

-------------------------------------------------------
 T E S T S
-------------------------------------------------------
Running net.greypanther.fastutil.tests.SingletonSortedMapTest
Tests run: 1, Failures: 0, Errors: 1, Skipped: 0, Time elapsed: 0.631 sec <<< FAILURE!
initializationError(net.greypanther.fastutil.tests.SingletonSortedMapTest)  Time elapsed: 0.015 sec  <<< ERROR!
java.util.NoSuchElementException
	at java.util.LinkedHashMap$LinkedHashIterator.nextNode(LinkedHashMap.java:713)
	at java.util.LinkedHashMap$LinkedEntryIterator.next(LinkedHashMap.java:744)
	at java.util.LinkedHashMap$LinkedEntryIterator.next(LinkedHashMap.java:742)
	at com.google.common.collect.Iterators.getOnlyElement(Iterators.java:307)
	at com.google.common.collect.Iterables.getOnlyElement(Iterables.java:284)
	at net.greypanther.fastutil.tests.SingletonSortedMapTest$1.create(SingletonSortedMapTest.java:25)
	at com.google.common.collect.testing.DerivedCollectionGenerators.keySetGenerator(DerivedCollectionGenerators.java:89)
	at com.google.common.collect.testing.MapTestSuiteBuilder.createDerivedSuites(MapTestSuiteBuilder.java:116)
	at com.google.common.collect.testing.SortedMapTestSuiteBuilder.createDerivedSuites(SortedMapTestSuiteBuilder.java:65)
	at com.google.common.collect.testing.PerCollectionSizeTestSuiteBuilder.createTestSuite(PerCollectionSizeTestSuiteBuilder.java:111)
	at com.google.common.collect.testing.SortedMapTestSuiteBuilder.createTestSuite(SortedMapTestSuiteBuilder.java:59)
	at net.greypanther.fastutil.tests.SingletonSortedMapTest.suite(SingletonSortedMapTest.java:33)
	at sun.reflect.NativeMethodAccessorImpl.invoke0(Native Method)
	at sun.reflect.NativeMethodAccessorImpl.invoke(NativeMethodAccessorImpl.java:62)
	at sun.reflect.DelegatingMethodAccessorImpl.invoke(DelegatingMethodAccessorImpl.java:43)
	at java.lang.reflect.Method.invoke(Method.java:497)
	at org.junit.internal.runners.SuiteMethod.testFromSuiteMethod(SuiteMethod.java:35)
	at org.junit.internal.runners.SuiteMethod.<init>(SuiteMethod.java:24)
	at org.junit.internal.builders.SuiteMethodBuilder.runnerForClass(SuiteMethodBuilder.java:11)
	at org.junit.runners.model.RunnerBuilder.safeRunnerForClass(RunnerBuilder.java:59)
	at org.junit.internal.builders.AllDefaultPossibilitiesBuilder.runnerForClass(AllDefaultPossibilitiesBuilder.java:26)
	at org.junit.runners.model.RunnerBuilder.safeRunnerForClass(RunnerBuilder.java:59)
	at org.junit.internal.requests.ClassRequest.getRunner(ClassRequest.java:33)
	at org.apache.maven.surefire.junit4.JUnit4Provider.execute(JUnit4Provider.java:250)
	at org.apache.maven.surefire.junit4.JUnit4Provider.executeTestSet(JUnit4Provider.java:141)
	at org.apache.maven.surefire.junit4.JUnit4Provider.invoke(JUnit4Provider.java:112)
	at sun.reflect.NativeMethodAccessorImpl.invoke0(Native Method)
	at sun.reflect.NativeMethodAccessorImpl.invoke(NativeMethodAccessorImpl.java:62)
	at sun.reflect.DelegatingMethodAccessorImpl.invoke(DelegatingMethodAccessorImpl.java:43)
	at java.lang.reflect.Method.invoke(Method.java:497)
	at org.apache.maven.surefire.util.ReflectionUtils.invokeMethodWithArray(ReflectionUtils.java:189)
	at org.apache.maven.surefire.booter.ProviderFactory$ProviderProxy.invoke(ProviderFactory.java:165)
	at org.apache.maven.surefire.booter.ProviderFactory.invokeProvider(ProviderFactory.java:85)
	at org.apache.maven.surefire.booter.ForkedBooter.runSuitesInProcess(ForkedBooter.java:115)
	at org.apache.maven.surefire.booter.ForkedBooter.main(ForkedBooter.java:75)

Running net.greypanther.fastutil.tests.EmptySortedMapTest
Tests run: 1, Failures: 0, Errors: 1, Skipped: 0, Time elapsed: 0.379 sec <<< FAILURE!
initializationError(net.greypanther.fastutil.tests.EmptySortedMapTest)  Time elapsed: 0.004 sec  <<< ERROR!
java.lang.IllegalArgumentException: [11=V, 12=W]
	at net.greypanther.fastutil.tests.EmptySortedMapTest$1.create(EmptySortedMapTest.java:26)
	at net.greypanther.fastutil.tests.EmptySortedMapTest$1.create(EmptySortedMapTest.java:1)
	at com.google.common.collect.testing.DerivedCollectionGenerators$SortedMapSubmapTestMapGenerator.create(DerivedCollectionGenerators.java:514)
	at com.google.common.collect.testing.DerivedCollectionGenerators.keySetGenerator(DerivedCollectionGenerators.java:89)
	at com.google.common.collect.testing.MapTestSuiteBuilder.createDerivedSuites(MapTestSuiteBuilder.java:116)
	at com.google.common.collect.testing.SortedMapTestSuiteBuilder.createDerivedSuites(SortedMapTestSuiteBuilder.java:65)
	at com.google.common.collect.testing.PerCollectionSizeTestSuiteBuilder.createTestSuite(PerCollectionSizeTestSuiteBuilder.java:111)
	at com.google.common.collect.testing.SortedMapTestSuiteBuilder.createTestSuite(SortedMapTestSuiteBuilder.java:59)
	at com.google.common.collect.testing.SortedMapTestSuiteBuilder.createSubmapSuite(SortedMapTestSuiteBuilder.java:114)
	at com.google.common.collect.testing.SortedMapTestSuiteBuilder.createDerivedSuites(SortedMapTestSuiteBuilder.java:68)
	at com.google.common.collect.testing.PerCollectionSizeTestSuiteBuilder.createTestSuite(PerCollectionSizeTestSuiteBuilder.java:111)
	at com.google.common.collect.testing.SortedMapTestSuiteBuilder.createTestSuite(SortedMapTestSuiteBuilder.java:59)
	at net.greypanther.fastutil.tests.EmptySortedMapTest.suite(EmptySortedMapTest.java:32)
	at sun.reflect.NativeMethodAccessorImpl.invoke0(Native Method)
	at sun.reflect.NativeMethodAccessorImpl.invoke(NativeMethodAccessorImpl.java:62)
	at sun.reflect.DelegatingMethodAccessorImpl.invoke(DelegatingMethodAccessorImpl.java:43)
	at java.lang.reflect.Method.invoke(Method.java:497)
	at org.junit.internal.runners.SuiteMethod.testFromSuiteMethod(SuiteMethod.java:35)
	at org.junit.internal.runners.SuiteMethod.<init>(SuiteMethod.java:24)
	at org.junit.internal.builders.SuiteMethodBuilder.runnerForClass(SuiteMethodBuilder.java:11)
	at org.junit.runners.model.RunnerBuilder.safeRunnerForClass(RunnerBuilder.java:59)
	at org.junit.internal.builders.AllDefaultPossibilitiesBuilder.runnerForClass(AllDefaultPossibilitiesBuilder.java:26)
	at org.junit.runners.model.RunnerBuilder.safeRunnerForClass(RunnerBuilder.java:59)
	at org.junit.internal.requests.ClassRequest.getRunner(ClassRequest.java:33)
	at org.apache.maven.surefire.junit4.JUnit4Provider.execute(JUnit4Provider.java:250)
	at org.apache.maven.surefire.junit4.JUnit4Provider.executeTestSet(JUnit4Provider.java:141)
	at org.apache.maven.surefire.junit4.JUnit4Provider.invoke(JUnit4Provider.java:112)
	at sun.reflect.NativeMethodAccessorImpl.invoke0(Native Method)
	at sun.reflect.NativeMethodAccessorImpl.invoke(NativeMethodAccessorImpl.java:62)
	at sun.reflect.DelegatingMethodAccessorImpl.invoke(DelegatingMethodAccessorImpl.java:43)
	at java.lang.reflect.Method.invoke(Method.java:497)
	at org.apache.maven.surefire.util.ReflectionUtils.invokeMethodWithArray(ReflectionUtils.java:189)
	at org.apache.maven.surefire.booter.ProviderFactory$ProviderProxy.invoke(ProviderFactory.java:165)
	at org.apache.maven.surefire.booter.ProviderFactory.invokeProvider(ProviderFactory.java:85)
	at org.apache.maven.surefire.booter.ForkedBooter.runSuitesInProcess(ForkedBooter.java:115)
	at org.apache.maven.surefire.booter.ForkedBooter.main(ForkedBooter.java:75)

Running net.greypanther.fastutil.tests.ByteArrayListTest
Tests run: 1, Failures: 0, Errors: 1, Skipped: 0, Time elapsed: 0.081 sec <<< FAILURE!
testAddUsingIteratorToTheFirstPosition(net.greypanther.fastutil.tests.ByteArrayListTest)  Time elapsed: 0.043 sec  <<< ERROR!
java.lang.IllegalStateException
	at it.unimi.dsi.fastutil.bytes.ByteArrayList$1.add(ByteArrayList.java:401)
	at it.unimi.dsi.fastutil.bytes.AbstractByteListIterator.add(AbstractByteListIterator.java:58)
	at it.unimi.dsi.fastutil.bytes.AbstractByteListIterator.add(AbstractByteListIterator.java:48)
	at net.greypanther.fastutil.tests.ByteArrayListTest.testAddUsingIteratorToTheFirstPosition_internal(ByteArrayListTest.java:24)
	at net.greypanther.fastutil.tests.ByteArrayListTest.testAddUsingIteratorToTheFirstPosition(ByteArrayListTest.java:18)
	at sun.reflect.NativeMethodAccessorImpl.invoke0(Native Method)
	at sun.reflect.NativeMethodAccessorImpl.invoke(NativeMethodAccessorImpl.java:62)
	at sun.reflect.DelegatingMethodAccessorImpl.invoke(DelegatingMethodAccessorImpl.java:43)
	at java.lang.reflect.Method.invoke(Method.java:497)
	at org.junit.runners.model.FrameworkMethod$1.runReflectiveCall(FrameworkMethod.java:50)
	at org.junit.internal.runners.model.ReflectiveCallable.run(ReflectiveCallable.java:12)
	at org.junit.runners.model.FrameworkMethod.invokeExplosively(FrameworkMethod.java:47)
	at org.junit.internal.runners.statements.InvokeMethod.evaluate(InvokeMethod.java:17)
	at org.junit.runners.ParentRunner.runLeaf(ParentRunner.java:325)
	at org.junit.runners.BlockJUnit4ClassRunner.runChild(BlockJUnit4ClassRunner.java:78)
	at org.junit.runners.BlockJUnit4ClassRunner.runChild(BlockJUnit4ClassRunner.java:57)
	at org.junit.runners.ParentRunner$3.run(ParentRunner.java:290)
	at org.junit.runners.ParentRunner$1.schedule(ParentRunner.java:71)
	at org.junit.runners.ParentRunner.runChildren(ParentRunner.java:288)
	at org.junit.runners.ParentRunner.access$000(ParentRunner.java:58)
	at org.junit.runners.ParentRunner$2.evaluate(ParentRunner.java:268)
	at org.junit.runners.ParentRunner.run(ParentRunner.java:363)
	at org.apache.maven.surefire.junit4.JUnit4Provider.execute(JUnit4Provider.java:252)
	at org.apache.maven.surefire.junit4.JUnit4Provider.executeTestSet(JUnit4Provider.java:141)
	at org.apache.maven.surefire.junit4.JUnit4Provider.invoke(JUnit4Provider.java:112)
	at sun.reflect.NativeMethodAccessorImpl.invoke0(Native Method)
	at sun.reflect.NativeMethodAccessorImpl.invoke(NativeMethodAccessorImpl.java:62)
	at sun.reflect.DelegatingMethodAccessorImpl.invoke(DelegatingMethodAccessorImpl.java:43)
	at java.lang.reflect.Method.invoke(Method.java:497)
	at org.apache.maven.surefire.util.ReflectionUtils.invokeMethodWithArray(ReflectionUtils.java:189)
	at org.apache.maven.surefire.booter.ProviderFactory$ProviderProxy.invoke(ProviderFactory.java:165)
	at org.apache.maven.surefire.booter.ProviderFactory.invokeProvider(ProviderFactory.java:85)
	at org.apache.maven.surefire.booter.ForkedBooter.runSuitesInProcess(ForkedBooter.java:115)
	at org.apache.maven.surefire.booter.ForkedBooter.main(ForkedBooter.java:75)

Running net.greypanther.fastutil.generated.DoubleCollectionsTest
